<?xml version="1.0" encoding="UTF-8"?>
<testng-results ignored="0" total="1" passed="1" failed="0" skipped="0">
  <reporter-output>
  </reporter-output>
  <suite started-at="2025-02-23T22:42:13 IST" name="Suite" finished-at="2025-02-23T22:43:51 IST" duration-ms="98297">
    <groups>
    </groups>
    <test started-at="2025-02-23T22:42:13 IST" name="Test" finished-at="2025-02-23T22:43:51 IST" duration-ms="98297">
      <class name="automation.tests.E2ETest">
        <test-method is-config="true" signature="launchApplication()[pri:0, instance:automation.tests.E2ETest@30af5b6b]" started-at="2025-02-23T22:42:13 IST" name="launchApplication" finished-at="2025-02-23T22:43:01 IST" duration-ms="48167" status="PASS">
          <reporter-output>
          </reporter-output>
        </test-method> <!-- launchApplication -->
        <test-method signature="addToCartTest(java.util.HashMap)[pri:0, instance:automation.tests.E2ETest@30af5b6b]" started-at="2025-02-23T22:43:01 IST" name="addToCartTest" data-provider="data" finished-at="2025-02-23T22:43:51 IST" duration-ms="49693" status="PASS">
          <params>
            <param index="0">
              <value>
                <![CDATA[{productToAdd=Apple iPhone 14 (128 GB) - Starlight}]]>
              </value>
            </param>
          </params>
          <reporter-output>
          </reporter-output>
        </test-method> <!-- addToCartTest -->
      </class> <!-- automation.tests.E2ETest -->
    </test> <!-- Test -->
  </suite> <!-- Suite -->
</testng-results>
